<?xml version="1.0" encoding="UTF-8"?>
<testsuite name="com.telRan.ashkelon.GroupDeletionTests" tests="2" skipped="0" failures="0" errors="0" timestamp="2018-10-29T12:38:35" hostname="Lena-Toshiba" time="1.174">
  <properties/>
  <testcase name="testFirstGroupDeletion" classname="com.telRan.ashkelon.GroupDeletionTests" time="0.54"/>
  <testcase name="testLastGroupDeletion" classname="com.telRan.ashkelon.GroupDeletionTests" time="0.474"/>
  <system-out><![CDATA[]]></system-out>
  <system-err><![CDATA[]]></system-err>
</testsuite>
