<?xml version="1.0" encoding="UTF-8"?>
<testsuite name="com.telran.repeat.tests.GroupModificationTests" tests="2" skipped="0" failures="0" errors="0" timestamp="2018-11-15T13:06:36" hostname="LAPTOP-PPNINR78" time="1.82">
  <properties/>
  <testcase name="testEmtyGroupModification" classname="com.telran.repeat.tests.GroupModificationTests" time="0.849"/>
  <testcase name="testGroupModification" classname="com.telran.repeat.tests.GroupModificationTests" time="0.818"/>
  <system-out><![CDATA[]]></system-out>
  <system-err><![CDATA[]]></system-err>
</testsuite>
