<?xml version="1.0" encoding="UTF-8"?>
<testsuite name="com.telran.repeat.tests.ContactModificationTests" tests="1" skipped="0" failures="0" errors="0" timestamp="2018-11-15T13:06:28" hostname="LAPTOP-PPNINR78" time="0.882">
  <properties/>
  <testcase name="testsContactModification" classname="com.telran.repeat.tests.ContactModificationTests" time="0.882"/>
  <system-out><![CDATA[]]></system-out>
  <system-err><![CDATA[]]></system-err>
</testsuite>
